<?xml version="1.0" encoding="UTF-8"?>
<testng-results skipped="0" failed="0" ignored="0" total="1" passed="1">
  <reporter-output>
  </reporter-output>
  <suite name="Default suite" duration-ms="63924" started-at="2020-11-02T16:47:18Z" finished-at="2020-11-02T16:48:22Z">
    <groups>
    </groups>
    <test name="Default test" duration-ms="63924" started-at="2020-11-02T16:47:18Z" finished-at="2020-11-02T16:48:22Z">
      <class name="com.qa.test.SignUpTest">
        <test-method status="PASS" signature="setUp()[pri:0, instance:com.qa.test.SignUpTest@e26948]" name="setUp" is-config="true" duration-ms="46816" started-at="2020-11-02T16:47:18Z" finished-at="2020-11-02T16:48:05Z">
          <reporter-output>
          </reporter-output>
        </test-method> <!-- setUp -->
        <test-method status="PASS" signature="fillForm()[pri:0, instance:com.qa.test.SignUpTest@e26948]" name="fillForm" duration-ms="15718" started-at="2020-11-02T16:48:05Z" finished-at="2020-11-02T16:48:21Z">
          <reporter-output>
          </reporter-output>
        </test-method> <!-- fillForm -->
        <test-method status="PASS" signature="tearDown()[pri:0, instance:com.qa.test.SignUpTest@e26948]" name="tearDown" is-config="true" duration-ms="1326" started-at="2020-11-02T16:48:21Z" finished-at="2020-11-02T16:48:22Z">
          <reporter-output>
          </reporter-output>
        </test-method> <!-- tearDown -->
      </class> <!-- com.qa.test.SignUpTest -->
    </test> <!-- Default test -->
  </suite> <!-- Default suite -->
</testng-results>
